<?xml version="1.0" encoding="UTF-8"?>
<!-- Generated by org.testng.reporters.JUnitXMLReporter -->
<testsuite hostname="Jaisuriya" ignored="0" name="Functional Testing" tests="2" failures="0" timestamp="2022-01-20T16:51:31 IST" time="0.982" errors="0">
  <testcase name="@BeforeClass setUp" time="-1.642677690362E9" classname="com.qa.testscripts.TestBase">
    <failure type="org.testng.TestNGException" message="
Method setUp requires 1 parameters but 2 were supplied in the BeforeClass annotation.">
      <![CDATA[org.testng.TestNGException: 
Method setUp requires 1 parameters but 2 were supplied in the BeforeClass annotation.
at java.util.ArrayList.forEach(Unknown Source)
... Removed 22 stack frames]]>
    </failure>
  </testcase> <!-- @BeforeClass setUp -->
  <testcase name="@AfterClass tearDown" time="-1.6426776912E9" classname="com.qa.testscripts.TestBase">
    <skipped/>
  </testcase> <!-- @AfterClass tearDown -->
  <testcase name="Flipkart" time="0.0" classname="com.qa.testscripts.TC_FlipkartWishlist_001">
    <skipped/>
  </testcase> <!-- Flipkart -->
  <testcase name="Flipkart" time="0.0" classname="com.qa.testscripts.TC_FlipkartWishlist_001">
    <skipped/>
  </testcase> <!-- Flipkart -->
</testsuite> <!-- Functional Testing -->
